<?xml version="1.0" encoding="UTF-8"?>
<!-- Generated by org.testng.reporters.JUnitReportReporter -->
<testsuite hostname="LAPTOP-IUJNIELA" failures="0" tests="1" name="Practice.Ex1" time="0.013" errors="0" timestamp="2023-04-06T13:32:04 IST" skipped="0">
  <testcase classname="Practice.Ex1" name="test" time="0.013"/>
  <system-out/>
</testsuite> <!-- Practice.Ex1 -->
